# JRE version: OpenJDK Runtime Environment (8.0_265-b01) (build 1.8.0_265-b01)
# Java VM: OpenJDK 64-Bit Server VM (25.265-b01 mixed mode windows-amd64 compressed oops)
Heap:
 PSYoungGen      total 144384K, used 24323K [0x00000000d6200000, 0x00000000dfc00000, 0x0000000100000000)
  eden space 131072K, 8% used [0x00000000d6200000,0x00000000d6cc0dc8,0x00000000de200000)
  from space 13312K, 100% used [0x00000000def00000,0x00000000dfc00000,0x00000000dfc00000)
  to   space 13312K, 0% used [0x00000000de200000,0x00000000de200000,0x00000000def00000)
 ParOldGen       total 86016K, used 25713K [0x0000000082600000, 0x0000000087a00000, 0x00000000d6200000)
  object space 86016K, 29% used [0x0000000082600000,0x0000000083f1c470,0x0000000087a00000)
 Metaspace       used 19509K, capacity 20050K, committed 20352K, reserved 1067008K
  class space    used 2232K, capacity 2364K, committed 2432K, reserved 1048576K
GC Heap History (10 events):
Event: 3.734 GC heap before
{Heap before GC invocations=4 (full 0):
 PSYoungGen      total 37888K, used 37856K [0x00000000d6200000, 0x00000000dac00000, 0x0000000100000000)
  eden space 32768K, 100% used [0x00000000d6200000,0x00000000d8200000,0x00000000d8200000)
  from space 5120K, 99% used [0x00000000d8200000,0x00000000d86f8140,0x00000000d8700000)
  to   space 5120K, 0% used [0x00000000da700000,0x00000000da700000,0x00000000dac00000)
 ParOldGen       total 86016K, used 10771K [0x0000000082600000, 0x0000000087a00000, 0x00000000d6200000)
  object space 86016K, 12% used [0x0000000082600000,0x0000000083084e58,0x0000000087a00000)
 Metaspace       used 18364K, capacity 18770K, committed 18944K, reserved 1067008K
  class space    used 2194K, capacity 2304K, committed 2304K, reserved 1048576K
Event: 3.742 GC heap after
Heap after GC invocations=4 (full 0):
 PSYoungGen      total 70656K, used 5104K [0x00000000d6200000, 0x00000000dac00000, 0x0000000100000000)
  eden space 65536K, 0% used [0x00000000d6200000,0x00000000d6200000,0x00000000da200000)
  from space 5120K, 99% used [0x00000000da700000,0x00000000dabfc130,0x00000000dac00000)
  to   space 5120K, 0% used [0x00000000da200000,0x00000000da200000,0x00000000da700000)
 ParOldGen       total 86016K, used 12785K [0x0000000082600000, 0x0000000087a00000, 0x00000000d6200000)
  object space 86016K, 14% used [0x0000000082600000,0x000000008327c440,0x0000000087a00000)
 Metaspace       used 18364K, capacity 18770K, committed 18944K, reserved 1067008K
  class space    used 2194K, capacity 2304K, committed 2304K, reserved 1048576K
}
Event: 4.953 GC heap before
{Heap before GC invocations=5 (full 0):
 PSYoungGen      total 70656K, used 70640K [0x00000000d6200000, 0x00000000dac00000, 0x0000000100000000)
  eden space 65536K, 100% used [0x00000000d6200000,0x00000000da200000,0x00000000da200000)
  from space 5120K, 99% used [0x00000000da700000,0x00000000dabfc130,0x00000000dac00000)
  to   space 5120K, 0% used [0x00000000da200000,0x00000000da200000,0x00000000da700000)
 ParOldGen       total 86016K, used 12785K [0x0000000082600000, 0x0000000087a00000, 0x00000000d6200000)
  object space 86016K, 14% used [0x0000000082600000,0x000000008327c440,0x0000000087a00000)
 Metaspace       used 18737K, capacity 19120K, committed 19328K, reserved 1067008K
  class space    used 2198K, capacity 2309K, committed 2432K, reserved 1048576K
Event: 4.969 GC heap after
Heap after GC invocations=5 (full 0):
 PSYoungGen      total 70656K, used 5088K [0x00000000d6200000, 0x00000000dfc00000, 0x0000000100000000)
  eden space 65536K, 0% used [0x00000000d6200000,0x00000000d6200000,0x00000000da200000)
  from space 5120K, 99% used [0x00000000da200000,0x00000000da6f8020,0x00000000da700000)
  to   space 13312K, 0% used [0x00000000def00000,0x00000000def00000,0x00000000dfc00000)
 ParOldGen       total 86016K, used 17118K [0x0000000082600000, 0x0000000087a00000, 0x00000000d6200000)
  object space 86016K, 19% used [0x0000000082600000,0x00000000836b7980,0x0000000087a00000)
 Metaspace       used 18737K, capacity 19120K, committed 19328K, reserved 1067008K
  class space    used 2198K, capacity 2309K, committed 2432K, reserved 1048576K
}
Event: 6.115 GC heap before
{Heap before GC invocations=6 (full 0):
 PSYoungGen      total 70656K, used 70624K [0x00000000d6200000, 0x00000000dfc00000, 0x0000000100000000)
  eden space 65536K, 100% used [0x00000000d6200000,0x00000000da200000,0x00000000da200000)
  from space 5120K, 99% used [0x00000000da200000,0x00000000da6f8020,0x00000000da700000)
  to   space 13312K, 0% used [0x00000000def00000,0x00000000def00000,0x00000000dfc00000)
 ParOldGen       total 86016K, used 17118K [0x0000000082600000, 0x0000000087a00000, 0x00000000d6200000)
  object space 86016K, 19% used [0x0000000082600000,0x00000000836b7980,0x0000000087a00000)
 Metaspace       used 18877K, capacity 19312K, committed 19584K, reserved 1067008K
  class space    used 2198K, capacity 2309K, committed 2432K, reserved 1048576K
Event: 6.129 GC heap after
Heap after GC invocations=6 (full 0):
 PSYoungGen      total 144384K, used 9888K [0x00000000d6200000, 0x00000000dfc00000, 0x0000000100000000)
  eden space 131072K, 0% used [0x00000000d6200000,0x00000000d6200000,0x00000000de200000)
  from space 13312K, 74% used [0x00000000def00000,0x00000000df8a8140,0x00000000dfc00000)
  to   space 13312K, 0% used [0x00000000de200000,0x00000000de200000,0x00000000def00000)
 ParOldGen       total 86016K, used 17126K [0x0000000082600000, 0x0000000087a00000, 0x00000000d6200000)
  object space 86016K, 19% used [0x0000000082600000,0x00000000836b9980,0x0000000087a00000)
 Metaspace       used 18877K, capacity 19312K, committed 19584K, reserved 1067008K
  class space    used 2198K, capacity 2309K, committed 2432K, reserved 1048576K
}
Event: 7.778 GC heap before
{Heap before GC invocations=7 (full 0):
 PSYoungGen      total 144384K, used 140960K [0x00000000d6200000, 0x00000000dfc00000, 0x0000000100000000)
  eden space 131072K, 100% used [0x00000000d6200000,0x00000000de200000,0x00000000de200000)
  from space 13312K, 74% used [0x00000000def00000,0x00000000df8a8140,0x00000000dfc00000)
  to   space 13312K, 0% used [0x00000000de200000,0x00000000de200000,0x00000000def00000)
 ParOldGen       total 86016K, used 17126K [0x0000000082600000, 0x0000000087a00000, 0x00000000d6200000)
  object space 86016K, 19% used [0x0000000082600000,0x00000000836b9980,0x0000000087a00000)
 Metaspace       used 19394K, capacity 19898K, committed 20096K, reserved 1067008K
  class space    used 2225K, capacity 2360K, committed 2432K, reserved 1048576K
Event: 7.802 GC heap after
Heap after GC invocations=7 (full 0):
 PSYoungGen      total 144384K, used 12000K [0x00000000d6200000, 0x00000000dfc00000, 0x0000000100000000)
  eden space 131072K, 0% used [0x00000000d6200000,0x00000000d6200000,0x00000000de200000)
  from space 13312K, 90% used [0x00000000de200000,0x00000000dedb8020,0x00000000def00000)
  to   space 13312K, 0% used [0x00000000def00000,0x00000000def00000,0x00000000dfc00000)
 ParOldGen       total 86016K, used 19174K [0x0000000082600000, 0x0000000087a00000, 0x00000000d6200000)
  object space 86016K, 22% used [0x0000000082600000,0x00000000838b9b20,0x0000000087a00000)
 Metaspace       used 19394K, capacity 19898K, committed 20096K, reserved 1067008K
  class space    used 2225K, capacity 2360K, committed 2432K, reserved 1048576K
}
Event: 9.764 GC heap before
{Heap before GC invocations=8 (full 0):
 PSYoungGen      total 144384K, used 143072K [0x00000000d6200000, 0x00000000dfc00000, 0x0000000100000000)
  eden space 131072K, 100% used [0x00000000d6200000,0x00000000de200000,0x00000000de200000)
  from space 13312K, 90% used [0x00000000de200000,0x00000000dedb8020,0x00000000def00000)
  to   space 13312K, 0% used [0x00000000def00000,0x00000000def00000,0x00000000dfc00000)
 ParOldGen       total 86016K, used 19174K [0x0000000082600000, 0x0000000087a00000, 0x00000000d6200000)
  object space 86016K, 22% used [0x0000000082600000,0x00000000838b9b20,0x0000000087a00000)
 Metaspace       used 19450K, capacity 19972K, committed 20096K, reserved 1067008K
  class space    used 2226K, capacity 2361K, committed 2432K, reserved 1048576K
Event: 9.828 GC heap after
Heap after GC invocations=8 (full 0):
 PSYoungGen      total 144384K, used 13312K [0x00000000d6200000, 0x00000000dfc00000, 0x0000000100000000)
  eden space 131072K, 0% used [0x00000000d6200000,0x00000000d6200000,0x00000000de200000)
  from space 13312K, 100% used [0x00000000def00000,0x00000000dfc00000,0x00000000dfc00000)
  to   space 13312K, 0% used [0x00000000de200000,0x00000000de200000,0x00000000def00000)
 ParOldGen       total 86016K, used 25713K [0x0000000082600000, 0x0000000087a00000, 0x00000000d6200000)
  object space 86016K, 29% used [0x0000000082600000,0x0000000083f1c470,0x0000000087a00000)
 Metaspace       used 19450K, capacity 19972K, committed 20096K, reserved 1067008K
  class space    used 2226K, capacity 2361K, committed 2432K, reserved 1048576K
}

